<?xml version="1.0" encoding="UTF-8"?>
<Site BuildName="(empty)"
	BuildStamp="20240618-1409-Experimental"
	Name="compo"
	Generator="ctest-3.22.1"
	CompilerName="/usr/bin/c++"
	CompilerVersion="11.4.0"
	OSName="Linux"
	Hostname="compo"
	OSRelease="6.5.0-35-generic"
	OSVersion="#35~22.04.1-Ubuntu SMP PREEMPT_DYNAMIC Tue May  7 09:00:52 UTC 2"
	OSPlatform="x86_64"
	Is64Bits="1"
	VendorString="GenuineIntel"
	VendorID="Intel Corporation"
	FamilyID="6"
	ModelID="142"
	ProcessorCacheSize="8192"
	NumberOfLogicalCPU="8"
	NumberOfPhysicalCPU="4"
	TotalVirtualMemory="14032"
	TotalPhysicalMemory="11830"
	LogicalProcessorsPerPhysical="2"
	ProcessorClockFrequency="4097.58"
	>
	<Testing>
		<StartDateTime>Jun 18 17:09 EEST</StartDateTime>
		<StartTestTime>1718719776</StartTestTime>
		<TestList/>
		<EndDateTime>Jun 18 17:09 EEST</EndDateTime>
		<EndTestTime>1718719776</EndTestTime>
		<ElapsedMinutes>0</ElapsedMinutes>
	</Testing>
</Site>
