<?xml version="1.0" encoding="UTF-8"?>
<Site BuildName="(empty)"
	BuildStamp="20240620-2041-Experimental"
	Name="compo"
	Generator="ctest-3.22.1"
	CompilerName="/usr/bin/c++"
	CompilerVersion="11.4.0"
	OSName="Linux"
	Hostname="compo"
	OSRelease="6.5.0-41-generic"
	OSVersion="#41~22.04.2-Ubuntu SMP PREEMPT_DYNAMIC Mon Jun  3 11:32:55 UTC 2"
	OSPlatform="x86_64"
	Is64Bits="1"
	VendorString="GenuineIntel"
	VendorID="Intel Corporation"
	FamilyID="6"
	ModelID="142"
	ProcessorCacheSize="8192"
	NumberOfLogicalCPU="8"
	NumberOfPhysicalCPU="4"
	TotalVirtualMemory="14032"
	TotalPhysicalMemory="11830"
	LogicalProcessorsPerPhysical="2"
	ProcessorClockFrequency="4389.5"
	>
	<Testing>
		<StartDateTime>Jun 20 23:41 EEST</StartDateTime>
		<StartTestTime>1718916114</StartTestTime>
		<TestList/>
		<EndDateTime>Jun 20 23:41 EEST</EndDateTime>
		<EndTestTime>1718916114</EndTestTime>
		<ElapsedMinutes>0</ElapsedMinutes>
	</Testing>
</Site>
